Handling lib "core"...
Handling lib "arduino-compat"...
core: Checking out 2.17.0...
arduino-compat: Checking out 2.17.0...
arduino-compat: Done, hash 943b0bca7333235ff527d9bca5cf0d7b70ea50b5
core: Done, hash c7359ef09e0f75bd693d88672ba9665b84d0e46a
arduino-compat: Hash unchanged at 943b0bca7333235ff527d9bca5cf0d7b70ea50b5 (dir "/data/fwbuild-volumes/2.17.0/apps/mongoose-lib-hlw8012/esp8266/build_contexts/build_ctx_488576883/deps/arduino-compat")
arduino-compat: Prepared local dir: "/data/fwbuild-volumes/2.17.0/apps/mongoose-lib-hlw8012/esp8266/build_contexts/build_ctx_488576883/deps/arduino-compat"
core: Hash unchanged at c7359ef09e0f75bd693d88672ba9665b84d0e46a (dir "/data/fwbuild-volumes/2.17.0/apps/mongoose-lib-hlw8012/esp8266/build_contexts/build_ctx_488576883/deps/core")
core: Prepared local dir: "/data/fwbuild-volumes/2.17.0/apps/mongoose-lib-hlw8012/esp8266/build_contexts/build_ctx_488576883/deps/core"
Handling lib "mongoose"...
mongoose: Checking out 2.17.0...
mongoose: Done, hash 08dafbf084c7c25207f28b00948df04b0c218844
mongoose: Hash unchanged at 08dafbf084c7c25207f28b00948df04b0c218844 (dir "/data/fwbuild-volumes/2.17.0/apps/mongoose-lib-hlw8012/esp8266/build_contexts/build_ctx_488576883/deps/mongoose")
mongoose: Prepared local dir: "/data/fwbuild-volumes/2.17.0/apps/mongoose-lib-hlw8012/esp8266/build_contexts/build_ctx_488576883/deps/mongoose"
Handling lib "mbedtls"...
Handling lib "vfs-common"...
vfs-common: Checking out 2.17.0...
mbedtls: Checking out 2.17.0...
vfs-common: Done, hash 6e0af5a5e886b051160c9948218c7419c662e1e3
mbedtls: Done, hash ec0fd0c129ce35edb64ec45f512a42e76ef64623
vfs-common: Hash unchanged at 6e0af5a5e886b051160c9948218c7419c662e1e3 (dir "/data/fwbuild-volumes/2.17.0/apps/mongoose-lib-hlw8012/esp8266/build_contexts/build_ctx_488576883/deps/vfs-common")
vfs-common: Prepared local dir: "/data/fwbuild-volumes/2.17.0/apps/mongoose-lib-hlw8012/esp8266/build_contexts/build_ctx_488576883/deps/vfs-common"
mbedtls: Hash unchanged at ec0fd0c129ce35edb64ec45f512a42e76ef64623 (dir "/data/fwbuild-volumes/2.17.0/apps/mongoose-lib-hlw8012/esp8266/build_contexts/build_ctx_488576883/deps/mbedtls")
mbedtls: Prepared local dir: "/data/fwbuild-volumes/2.17.0/apps/mongoose-lib-hlw8012/esp8266/build_contexts/build_ctx_488576883/deps/mbedtls"
Handling lib "atca"...
atca: Checking out 2.17.0...
atca: Done, hash 8fc5370f2244244e91973316bac28fd5a19528f9
atca: Hash unchanged at 8fc5370f2244244e91973316bac28fd5a19528f9 (dir "/data/fwbuild-volumes/2.17.0/apps/mongoose-lib-hlw8012/esp8266/build_contexts/build_ctx_488576883/deps/atca")
atca: Prepared local dir: "/data/fwbuild-volumes/2.17.0/apps/mongoose-lib-hlw8012/esp8266/build_contexts/build_ctx_488576883/deps/atca"
Handling lib "i2c"...
i2c: Checking out 2.17.0...
i2c: Done, hash adf8fa47daa2b8d0e1a5b729f095f77e85e6797b
i2c: Hash unchanged at adf8fa47daa2b8d0e1a5b729f095f77e85e6797b (dir "/data/fwbuild-volumes/2.17.0/apps/mongoose-lib-hlw8012/esp8266/build_contexts/build_ctx_488576883/deps/i2c")
i2c: Prepared local dir: "/data/fwbuild-volumes/2.17.0/apps/mongoose-lib-hlw8012/esp8266/build_contexts/build_ctx_488576883/deps/i2c"
Handling lib "vfs-dev-part"...
Handling lib "vfs-fs-lfs"...
Handling lib "vfs-fs-spiffs"...
vfs-dev-part: Checking out 2.17.0...
vfs-fs-lfs: Checking out 2.17.0...
vfs-fs-spiffs: Checking out 2.17.0...
vfs-dev-part: Done, hash 94426df449f807e4268e1d1a3ee5146da85902da
vfs-fs-spiffs: Done, hash 12850caac96f1ea6278d21a661d93a11228de4c3
vfs-fs-lfs: Done, hash c62bb1e71eadacda195ae550b767bca4d3452c6a
vfs-dev-part: Hash unchanged at 94426df449f807e4268e1d1a3ee5146da85902da (dir "/data/fwbuild-volumes/2.17.0/apps/mongoose-lib-hlw8012/esp8266/build_contexts/build_ctx_488576883/deps/vfs-dev-part")
vfs-dev-part: Prepared local dir: "/data/fwbuild-volumes/2.17.0/apps/mongoose-lib-hlw8012/esp8266/build_contexts/build_ctx_488576883/deps/vfs-dev-part"
vfs-fs-spiffs: Hash unchanged at 12850caac96f1ea6278d21a661d93a11228de4c3 (dir "/data/fwbuild-volumes/2.17.0/apps/mongoose-lib-hlw8012/esp8266/build_contexts/build_ctx_488576883/deps/vfs-fs-spiffs")
vfs-fs-lfs: Hash unchanged at c62bb1e71eadacda195ae550b767bca4d3452c6a (dir "/data/fwbuild-volumes/2.17.0/apps/mongoose-lib-hlw8012/esp8266/build_contexts/build_ctx_488576883/deps/vfs-fs-lfs")
vfs-fs-spiffs: Prepared local dir: "/data/fwbuild-volumes/2.17.0/apps/mongoose-lib-hlw8012/esp8266/build_contexts/build_ctx_488576883/deps/vfs-fs-spiffs"
vfs-fs-lfs: Prepared local dir: "/data/fwbuild-volumes/2.17.0/apps/mongoose-lib-hlw8012/esp8266/build_contexts/build_ctx_488576883/deps/vfs-fs-lfs"
The flag --repo is not given, going to use mongoose-os repository
mongoose-os: Checking out 2.17.0...
mongoose-os: Done, hash c31a7453f6754f80acab6b1b229fc097bf411f37
Sources: [/data/fwbuild-volumes/2.17.0/apps/mongoose-lib-hlw8012/esp8266/build_contexts/build_ctx_488576883/src/mgos_hlw8012.c /data/fwbuild-volumes/2.17.0/apps/mongoose-lib-hlw8012/esp8266/build_contexts/build_ctx_488576883/src/HLW8012.cpp /data/fwbuild-volumes/2.17.0/apps/mongoose-lib-hlw8012/esp8266/build_contexts/build_ctx_488576883/src/mgos_hlw8012.cpp]
Include dirs: [/data/fwbuild-volumes/2.17.0/apps/mongoose-lib-hlw8012/esp8266/build_contexts/build_ctx_488576883/deps/i2c/include /data/fwbuild-volumes/2.17.0/apps/mongoose-lib-hlw8012/esp8266/build_contexts/build_ctx_488576883/deps/atca/include /data/fwbuild-volumes/2.17.0/apps/mongoose-lib-hlw8012/esp8266/build_contexts/build_ctx_488576883/deps/atca/cryptoauthlib/lib /data/fwbuild-volumes/2.17.0/apps/mongoose-lib-hlw8012/esp8266/build_contexts/build_ctx_488576883/deps/atca/cryptoauthlib/lib/crypto /data/fwbuild-volumes/2.17.0/apps/mongoose-lib-hlw8012/esp8266/build_contexts/build_ctx_488576883/deps/atca/cryptoauthlib/lib/hal /data/fwbuild-volumes/2.17.0/apps/mongoose-lib-hlw8012/esp8266/build_contexts/build_ctx_488576883/deps/mbedtls/include /data/fwbuild-volumes/2.17.0/apps/mongoose-lib-hlw8012/esp8266/build_contexts/build_ctx_488576883/deps/mbedtls/include/esp8266 /data/fwbuild-volumes/2.17.0/apps/mongoose-lib-hlw8012/esp8266/build_contexts/build_ctx_488576883/deps/mbedtls/mbedtls/include /data/fwbuild-volumes/2.17.0/apps/mongoose-lib-hlw8012/esp8266/build_contexts/build_ctx_488576883/deps/vfs-common/include /data/fwbuild-volumes/2.17.0/apps/mongoose-lib-hlw8012/esp8266/build_contexts/build_ctx_488576883/deps/vfs-common/include/esp8266 /data/fwbuild-volumes/2.17.0/apps/mongoose-lib-hlw8012/esp8266/build_contexts/build_ctx_488576883/deps/mongoose/include /data/fwbuild-volumes/2.17.0/apps/mongoose-lib-hlw8012/esp8266/build_contexts/build_ctx_488576883/deps/vfs-dev-part/include /data/fwbuild-volumes/2.17.0/apps/mongoose-lib-hlw8012/esp8266/build_contexts/build_ctx_488576883/deps/vfs-fs-lfs/include /data/fwbuild-volumes/2.17.0/apps/mongoose-lib-hlw8012/esp8266/build_contexts/build_ctx_488576883/deps/vfs-fs-lfs/littlefs /data/fwbuild-volumes/2.17.0/apps/mongoose-lib-hlw8012/esp8266/build_contexts/build_ctx_488576883/deps/vfs-fs-lfs/littlefs1 /data/fwbuild-volumes/2.17.0/apps/mongoose-lib-hlw8012/esp8266/build_contexts/build_ctx_488576883/deps/vfs-fs-spiffs/include /data/fwbuild-volumes/2.17.0/apps/mongoose-lib-hlw8012/esp8266/build_contexts/build_ctx_488576883/deps/vfs-fs-spiffs/include/spiffs /data/fwbuild-volumes/2.17.0/apps/mongoose-lib-hlw8012/esp8266/build_contexts/build_ctx_488576883/deps/vfs-fs-spiffs/include/esp8266 /data/fwbuild-volumes/2.17.0/apps/mongoose-lib-hlw8012/esp8266/build_contexts/build_ctx_488576883/deps/core/include /data/fwbuild-volumes/2.17.0/apps/mongoose-lib-hlw8012/esp8266/build_contexts/build_ctx_488576883/deps/core/include/esp8266 /data/fwbuild-volumes/2.17.0/apps/mongoose-lib-hlw8012/esp8266/build_contexts/build_ctx_488576883/deps/arduino-compat/include]
Binary libs: []
Building...
mount from "/data/fwbuild-volumes/2.17.0/apps/mongoose-lib-hlw8012/esp8266/build_contexts/build_ctx_488576883" to "/app"
mount from "/data/fwbuild-volumes/2.17.0/apps/mongoose-lib-hlw8012/esp8266/build_contexts/build_ctx_488576883/deps/modules/mongoose-os" to "/mongoose-os"
mount from "/data/fwbuild-volumes/2.17.0/apps/mongoose-lib-hlw8012/esp8266/build_contexts/build_ctx_488576883/deps/modules/mongoose-os" to "/data/fwbuild-volumes/2.17.0/apps/mongoose-lib-hlw8012/esp8266/build_contexts/build_ctx_488576883/deps/modules/mongoose-os"
mount from "/data/fwbuild-volumes/2.17.0/apps/mongoose-lib-hlw8012/esp8266/build_contexts/build_ctx_488576883/build" to "/data/fwbuild-volumes/2.17.0/apps/mongoose-lib-hlw8012/esp8266/build_contexts/build_ctx_488576883/build"
mount from "/data/fwbuild-volumes/2.17.0/apps/mongoose-lib-hlw8012/esp8266/build_contexts/build_ctx_488576883/src" to "/data/fwbuild-volumes/2.17.0/apps/mongoose-lib-hlw8012/esp8266/build_contexts/build_ctx_488576883/src"
mount from "/data/fwbuild-volumes/2.17.0/apps/mongoose-lib-hlw8012/esp8266/build_contexts/build_ctx_488576883/deps/i2c/include" to "/data/fwbuild-volumes/2.17.0/apps/mongoose-lib-hlw8012/esp8266/build_contexts/build_ctx_488576883/deps/i2c/include"
mount from "/data/fwbuild-volumes/2.17.0/apps/mongoose-lib-hlw8012/esp8266/build_contexts/build_ctx_488576883/deps/atca/include" to "/data/fwbuild-volumes/2.17.0/apps/mongoose-lib-hlw8012/esp8266/build_contexts/build_ctx_488576883/deps/atca/include"
mount from "/data/fwbuild-volumes/2.17.0/apps/mongoose-lib-hlw8012/esp8266/build_contexts/build_ctx_488576883/deps/atca/cryptoauthlib/lib" to "/data/fwbuild-volumes/2.17.0/apps/mongoose-lib-hlw8012/esp8266/build_contexts/build_ctx_488576883/deps/atca/cryptoauthlib/lib"
mount from "/data/fwbuild-volumes/2.17.0/apps/mongoose-lib-hlw8012/esp8266/build_contexts/build_ctx_488576883/deps/atca/cryptoauthlib/lib/crypto" to "/data/fwbuild-volumes/2.17.0/apps/mongoose-lib-hlw8012/esp8266/build_contexts/build_ctx_488576883/deps/atca/cryptoauthlib/lib/crypto"
mount from "/data/fwbuild-volumes/2.17.0/apps/mongoose-lib-hlw8012/esp8266/build_contexts/build_ctx_488576883/deps/atca/cryptoauthlib/lib/hal" to "/data/fwbuild-volumes/2.17.0/apps/mongoose-lib-hlw8012/esp8266/build_contexts/build_ctx_488576883/deps/atca/cryptoauthlib/lib/hal"
mount from "/data/fwbuild-volumes/2.17.0/apps/mongoose-lib-hlw8012/esp8266/build_contexts/build_ctx_488576883/deps/mbedtls/include" to "/data/fwbuild-volumes/2.17.0/apps/mongoose-lib-hlw8012/esp8266/build_contexts/build_ctx_488576883/deps/mbedtls/include"
mount from "/data/fwbuild-volumes/2.17.0/apps/mongoose-lib-hlw8012/esp8266/build_contexts/build_ctx_488576883/deps/mbedtls/include/esp8266" to "/data/fwbuild-volumes/2.17.0/apps/mongoose-lib-hlw8012/esp8266/build_contexts/build_ctx_488576883/deps/mbedtls/include/esp8266"
mount from "/data/fwbuild-volumes/2.17.0/apps/mongoose-lib-hlw8012/esp8266/build_contexts/build_ctx_488576883/deps/mbedtls/mbedtls/include" to "/data/fwbuild-volumes/2.17.0/apps/mongoose-lib-hlw8012/esp8266/build_contexts/build_ctx_488576883/deps/mbedtls/mbedtls/include"
mount from "/data/fwbuild-volumes/2.17.0/apps/mongoose-lib-hlw8012/esp8266/build_contexts/build_ctx_488576883/deps/vfs-common/include" to "/data/fwbuild-volumes/2.17.0/apps/mongoose-lib-hlw8012/esp8266/build_contexts/build_ctx_488576883/deps/vfs-common/include"
mount from "/data/fwbuild-volumes/2.17.0/apps/mongoose-lib-hlw8012/esp8266/build_contexts/build_ctx_488576883/deps/vfs-common/include/esp8266" to "/data/fwbuild-volumes/2.17.0/apps/mongoose-lib-hlw8012/esp8266/build_contexts/build_ctx_488576883/deps/vfs-common/include/esp8266"
mount from "/data/fwbuild-volumes/2.17.0/apps/mongoose-lib-hlw8012/esp8266/build_contexts/build_ctx_488576883/deps/mongoose/include" to "/data/fwbuild-volumes/2.17.0/apps/mongoose-lib-hlw8012/esp8266/build_contexts/build_ctx_488576883/deps/mongoose/include"
mount from "/data/fwbuild-volumes/2.17.0/apps/mongoose-lib-hlw8012/esp8266/build_contexts/build_ctx_488576883/deps/vfs-dev-part/include" to "/data/fwbuild-volumes/2.17.0/apps/mongoose-lib-hlw8012/esp8266/build_contexts/build_ctx_488576883/deps/vfs-dev-part/include"
mount from "/data/fwbuild-volumes/2.17.0/apps/mongoose-lib-hlw8012/esp8266/build_contexts/build_ctx_488576883/deps/vfs-fs-lfs/include" to "/data/fwbuild-volumes/2.17.0/apps/mongoose-lib-hlw8012/esp8266/build_contexts/build_ctx_488576883/deps/vfs-fs-lfs/include"
mount from "/data/fwbuild-volumes/2.17.0/apps/mongoose-lib-hlw8012/esp8266/build_contexts/build_ctx_488576883/deps/vfs-fs-lfs/littlefs" to "/data/fwbuild-volumes/2.17.0/apps/mongoose-lib-hlw8012/esp8266/build_contexts/build_ctx_488576883/deps/vfs-fs-lfs/littlefs"
mount from "/data/fwbuild-volumes/2.17.0/apps/mongoose-lib-hlw8012/esp8266/build_contexts/build_ctx_488576883/deps/vfs-fs-lfs/littlefs1" to "/data/fwbuild-volumes/2.17.0/apps/mongoose-lib-hlw8012/esp8266/build_contexts/build_ctx_488576883/deps/vfs-fs-lfs/littlefs1"
mount from "/data/fwbuild-volumes/2.17.0/apps/mongoose-lib-hlw8012/esp8266/build_contexts/build_ctx_488576883/deps/vfs-fs-spiffs/include" to "/data/fwbuild-volumes/2.17.0/apps/mongoose-lib-hlw8012/esp8266/build_contexts/build_ctx_488576883/deps/vfs-fs-spiffs/include"
mount from "/data/fwbuild-volumes/2.17.0/apps/mongoose-lib-hlw8012/esp8266/build_contexts/build_ctx_488576883/deps/vfs-fs-spiffs/include/spiffs" to "/data/fwbuild-volumes/2.17.0/apps/mongoose-lib-hlw8012/esp8266/build_contexts/build_ctx_488576883/deps/vfs-fs-spiffs/include/spiffs"
mount from "/data/fwbuild-volumes/2.17.0/apps/mongoose-lib-hlw8012/esp8266/build_contexts/build_ctx_488576883/deps/vfs-fs-spiffs/include/esp8266" to "/data/fwbuild-volumes/2.17.0/apps/mongoose-lib-hlw8012/esp8266/build_contexts/build_ctx_488576883/deps/vfs-fs-spiffs/include/esp8266"
mount from "/data/fwbuild-volumes/2.17.0/apps/mongoose-lib-hlw8012/esp8266/build_contexts/build_ctx_488576883/deps/core/include" to "/data/fwbuild-volumes/2.17.0/apps/mongoose-lib-hlw8012/esp8266/build_contexts/build_ctx_488576883/deps/core/include"
mount from "/data/fwbuild-volumes/2.17.0/apps/mongoose-lib-hlw8012/esp8266/build_contexts/build_ctx_488576883/deps/core/include/esp8266" to "/data/fwbuild-volumes/2.17.0/apps/mongoose-lib-hlw8012/esp8266/build_contexts/build_ctx_488576883/deps/core/include/esp8266"
mount from "/data/fwbuild-volumes/2.17.0/apps/mongoose-lib-hlw8012/esp8266/build_contexts/build_ctx_488576883/deps/arduino-compat/include" to "/data/fwbuild-volumes/2.17.0/apps/mongoose-lib-hlw8012/esp8266/build_contexts/build_ctx_488576883/deps/arduino-compat/include"
mount from "/data/fwbuild-volumes/2.17.0/apps/mongoose-lib-hlw8012/esp8266/build_contexts/build_ctx_488576883/build/gen" to "/data/fwbuild-volumes/2.17.0/apps/mongoose-lib-hlw8012/esp8266/build_contexts/build_ctx_488576883/build/gen"
Docker arguments: run --name mos_build_2020-03-21T17-52-20-00_1191157298572183372 --rm -i -v /data/fwbuild-volumes/2.17.0/apps/mongoose-lib-hlw8012/esp8266/build_contexts/build_ctx_488576883/deps/vfs-common/include:/data/fwbuild-volumes/2.17.0/apps/mongoose-lib-hlw8012/esp8266/build_contexts/build_ctx_488576883/deps/vfs-common/include -v /data/fwbuild-volumes/2.17.0/apps/mongoose-lib-hlw8012/esp8266/build_contexts/build_ctx_488576883/deps/vfs-common/include/esp8266:/data/fwbuild-volumes/2.17.0/apps/mongoose-lib-hlw8012/esp8266/build_contexts/build_ctx_488576883/deps/vfs-common/include/esp8266 -v /data/fwbuild-volumes/2.17.0/apps/mongoose-lib-hlw8012/esp8266/build_contexts/build_ctx_488576883/deps/vfs-fs-spiffs/include/spiffs:/data/fwbuild-volumes/2.17.0/apps/mongoose-lib-hlw8012/esp8266/build_contexts/build_ctx_488576883/deps/vfs-fs-spiffs/include/spiffs -v /data/fwbuild-volumes/2.17.0/apps/mongoose-lib-hlw8012/esp8266/build_contexts/build_ctx_488576883/deps/vfs-fs-lfs/littlefs1:/data/fwbuild-volumes/2.17.0/apps/mongoose-lib-hlw8012/esp8266/build_contexts/build_ctx_488576883/deps/vfs-fs-lfs/littlefs1 -v /data/fwbuild-volumes/2.17.0/apps/mongoose-lib-hlw8012/esp8266/build_contexts/build_ctx_488576883:/app -v /data/fwbuild-volumes/2.17.0/apps/mongoose-lib-hlw8012/esp8266/build_contexts/build_ctx_488576883/deps/atca/cryptoauthlib/lib/hal:/data/fwbuild-volumes/2.17.0/apps/mongoose-lib-hlw8012/esp8266/build_contexts/build_ctx_488576883/deps/atca/cryptoauthlib/lib/hal -v /data/fwbuild-volumes/2.17.0/apps/mongoose-lib-hlw8012/esp8266/build_contexts/build_ctx_488576883/deps/vfs-fs-lfs/include:/data/fwbuild-volumes/2.17.0/apps/mongoose-lib-hlw8012/esp8266/build_contexts/build_ctx_488576883/deps/vfs-fs-lfs/include -v /data/fwbuild-volumes/2.17.0/apps/mongoose-lib-hlw8012/esp8266/build_contexts/build_ctx_488576883/deps/vfs-fs-lfs/littlefs:/data/fwbuild-volumes/2.17.0/apps/mongoose-lib-hlw8012/esp8266/build_contexts/build_ctx_488576883/deps/vfs-fs-lfs/littlefs -v /data/fwbuild-volumes/2.17.0/apps/mongoose-lib-hlw8012/esp8266/build_contexts/build_ctx_488576883/deps/vfs-fs-spiffs/include:/data/fwbuild-volumes/2.17.0/apps/mongoose-lib-hlw8012/esp8266/build_contexts/build_ctx_488576883/deps/vfs-fs-spiffs/include -v /data/fwbuild-volumes/2.17.0/apps/mongoose-lib-hlw8012/esp8266/build_contexts/build_ctx_488576883/deps/atca/cryptoauthlib/lib:/data/fwbuild-volumes/2.17.0/apps/mongoose-lib-hlw8012/esp8266/build_contexts/build_ctx_488576883/deps/atca/cryptoauthlib/lib -v /data/fwbuild-volumes/2.17.0/apps/mongoose-lib-hlw8012/esp8266/build_contexts/build_ctx_488576883/deps/mongoose/include:/data/fwbuild-volumes/2.17.0/apps/mongoose-lib-hlw8012/esp8266/build_contexts/build_ctx_488576883/deps/mongoose/include -v /data/fwbuild-volumes/2.17.0/apps/mongoose-lib-hlw8012/esp8266/build_contexts/build_ctx_488576883/deps/modules/mongoose-os:/mongoose-os -v /data/fwbuild-volumes/2.17.0/apps/mongoose-lib-hlw8012/esp8266/build_contexts/build_ctx_488576883/deps/mbedtls/include/esp8266:/data/fwbuild-volumes/2.17.0/apps/mongoose-lib-hlw8012/esp8266/build_contexts/build_ctx_488576883/deps/mbedtls/include/esp8266 -v /data/fwbuild-volumes/2.17.0/apps/mongoose-lib-hlw8012/esp8266/build_contexts/build_ctx_488576883/deps/i2c/include:/data/fwbuild-volumes/2.17.0/apps/mongoose-lib-hlw8012/esp8266/build_contexts/build_ctx_488576883/deps/i2c/include -v /data/fwbuild-volumes/2.17.0/apps/mongoose-lib-hlw8012/esp8266/build_contexts/build_ctx_488576883/deps/mbedtls/include:/data/fwbuild-volumes/2.17.0/apps/mongoose-lib-hlw8012/esp8266/build_contexts/build_ctx_488576883/deps/mbedtls/include -v /data/fwbuild-volumes/2.17.0/apps/mongoose-lib-hlw8012/esp8266/build_contexts/build_ctx_488576883/deps/mbedtls/mbedtls/include:/data/fwbuild-volumes/2.17.0/apps/mongoose-lib-hlw8012/esp8266/build_contexts/build_ctx_488576883/deps/mbedtls/mbedtls/include -v /data/fwbuild-volumes/2.17.0/apps/mongoose-lib-hlw8012/esp8266/build_contexts/build_ctx_488576883/deps/vfs-dev-part/include:/data/fwbuild-volumes/2.17.0/apps/mongoose-lib-hlw8012/esp8266/build_contexts/build_ctx_488576883/deps/vfs-dev-part/include -v /data/fwbuild-volumes/2.17.0/apps/mongoose-lib-hlw8012/esp8266/build_contexts/build_ctx_488576883/deps/vfs-fs-spiffs/include/esp8266:/data/fwbuild-volumes/2.17.0/apps/mongoose-lib-hlw8012/esp8266/build_contexts/build_ctx_488576883/deps/vfs-fs-spiffs/include/esp8266 -v /data/fwbuild-volumes/2.17.0/apps/mongoose-lib-hlw8012/esp8266/build_contexts/build_ctx_488576883/deps/modules/mongoose-os:/data/fwbuild-volumes/2.17.0/apps/mongoose-lib-hlw8012/esp8266/build_contexts/build_ctx_488576883/deps/modules/mongoose-os -v /data/fwbuild-volumes/2.17.0/apps/mongoose-lib-hlw8012/esp8266/build_contexts/build_ctx_488576883/deps/core/include/esp8266:/data/fwbuild-volumes/2.17.0/apps/mongoose-lib-hlw8012/esp8266/build_contexts/build_ctx_488576883/deps/core/include/esp8266 -v /data/fwbuild-volumes/2.17.0/apps/mongoose-lib-hlw8012/esp8266/build_contexts/build_ctx_488576883/deps/atca/cryptoauthlib/lib/crypto:/data/fwbuild-volumes/2.17.0/apps/mongoose-lib-hlw8012/esp8266/build_contexts/build_ctx_488576883/deps/atca/cryptoauthlib/lib/crypto -v /data/fwbuild-volumes/2.17.0/apps/mongoose-lib-hlw8012/esp8266/build_contexts/build_ctx_488576883/deps/core/include:/data/fwbuild-volumes/2.17.0/apps/mongoose-lib-hlw8012/esp8266/build_contexts/build_ctx_488576883/deps/core/include -v /data/fwbuild-volumes/2.17.0/apps/mongoose-lib-hlw8012/esp8266/build_contexts/build_ctx_488576883/src:/data/fwbuild-volumes/2.17.0/apps/mongoose-lib-hlw8012/esp8266/build_contexts/build_ctx_488576883/src -v /data/fwbuild-volumes/2.17.0/apps/mongoose-lib-hlw8012/esp8266/build_contexts/build_ctx_488576883/deps/atca/include:/data/fwbuild-volumes/2.17.0/apps/mongoose-lib-hlw8012/esp8266/build_contexts/build_ctx_488576883/deps/atca/include -v /data/fwbuild-volumes/2.17.0/apps/mongoose-lib-hlw8012/esp8266/build_contexts/build_ctx_488576883/build/gen:/data/fwbuild-volumes/2.17.0/apps/mongoose-lib-hlw8012/esp8266/build_contexts/build_ctx_488576883/build/gen -v /data/fwbuild-volumes/2.17.0/apps/mongoose-lib-hlw8012/esp8266/build_contexts/build_ctx_488576883/build:/data/fwbuild-volumes/2.17.0/apps/mongoose-lib-hlw8012/esp8266/build_contexts/build_ctx_488576883/build -v /data/fwbuild-volumes/2.17.0/apps/mongoose-lib-hlw8012/esp8266/build_contexts/build_ctx_488576883/deps/arduino-compat/include:/data/fwbuild-volumes/2.17.0/apps/mongoose-lib-hlw8012/esp8266/build_contexts/build_ctx_488576883/deps/arduino-compat/include --user 0:0 docker.io/mgos/esp8266-build:2.2.1-1.5.0-r5 /bin/bash -c nice make '-j' '8' '-C' '/app' '-f' '/data/fwbuild-volumes/2.17.0/apps/mongoose-lib-hlw8012/esp8266/build_contexts/build_ctx_488576883/deps/modules/mongoose-os/platforms/esp8266/Makefile.build' '/data/fwbuild-volumes/2.17.0/apps/mongoose-lib-hlw8012/esp8266/build_contexts/build_ctx_488576883/build/objs/lib.a' 'MGOS_VARS_FILE=/data/fwbuild-volumes/2.17.0/apps/mongoose-lib-hlw8012/esp8266/build_contexts/build_ctx_488576883/build/gen/vars.mk'
make: Entering directory '/app'
  CXX    /data/fwbuild-volumes/2.17.0/apps/mongoose-lib-hlw8012/esp8266/build_contexts/build_ctx_488576883/src/HLW8012.cpp
  AR    /data/fwbuild-volumes/2.17.0/apps/mongoose-lib-hlw8012/esp8266/build_contexts/build_ctx_488576883/build/objs/lib.a
/opt/Espressif/crosstool-NG/builds/xtensa-lx106-elf/bin/xtensa-lx106-elf-ar cru /data/fwbuild-volumes/2.17.0/apps/mongoose-lib-hlw8012/esp8266/build_contexts/build_ctx_488576883/build/objs/lib.a /data/fwbuild-volumes/2.17.0/apps/mongoose-lib-hlw8012/esp8266/build_contexts/build_ctx_488576883/build/objs/mgos_hlw8012.c.o /data/fwbuild-volumes/2.17.0/apps/mongoose-lib-hlw8012/esp8266/build_contexts/build_ctx_488576883/build/objs/HLW8012.cpp.o /data/fwbuild-volumes/2.17.0/apps/mongoose-lib-hlw8012/esp8266/build_contexts/build_ctx_488576883/build/objs/mgos_hlw8012.cpp.o
make: Leaving directory '/app'
Lib saved to build/lib.a
